
Running 4 tests using 1 worker

[1A[2K[1/4] [chromium] ??? tests\e2e\approval-pipeline.spec.ts:8:9 ??? Approval Pipeline: Ghost to Live ??? Step 1 & 2: Host submits homestay and sees PENDING badge
[1A[2K  1) [chromium] ??? tests\e2e\approval-pipeline.spec.ts:8:9 ??? Approval Pipeline: Ghost to Live ??? Step 1 & 2: Host submits homestay and sees PENDING badge 

    Error: [2mexpect([22m[31mpage[39m[2m).[22mtoHaveURL[2m([22m[32mexpected[39m[2m)[22m failed

    Expected pattern: [32m/.*\/host\/dashboard/[39m
    Received string:  [31m"http://localhost:3000/host/add-homestay"[39m
    Timeout: 30000ms

    Call log:
    [2m  - Expect "toHaveURL" with timeout 30000ms[22m
    [2m    33 ?? unexpected value "http://localhost:3000/host/add-homestay"[22m


      40 |
      41 |         // --- Verify redirect to dashboard ---
    > 42 |         await expect(page).toHaveURL(/.*\/host\/dashboard/, { timeout: 30000 });
         |                            ^
      43 |
      44 |         // --- Verify PENDING badge ---
      45 |         await expect(page.getByText(homestayName)).toBeVisible({ timeout: 10000 });
        at C:\Users\biswa\OneDrive\Documents\github\NorthBengalHomestays\frontend\tests\e2e\approval-pipeline.spec.ts:42:28

    Error Context: test-results\e2e-approval-pipeline-Appr-2a0b5-stay-and-sees-PENDING-badge-chromium\error-context.md

    attachment #2: trace (application/zip) ???????????????????????????????????????????????????????????????????????????????????????????????????????????????????????????????????????????????????????????????????????????
    test-results\e2e-approval-pipeline-Appr-2a0b5-stay-and-sees-PENDING-badge-chromium\trace.zip
    Usage:

        npx playwright show-trace test-results\e2e-approval-pipeline-Appr-2a0b5-stay-and-sees-PENDING-badge-chromium\trace.zip

    ????????????????????????????????????????????????????????????????????????????????????????????????????????????????????????????????????????????????????????????????????????????????????????????????????????????????????????????????????????????????????????????????????????????????????????????????


[1A[2K[2/4] [chromium] ??? tests\e2e\approval-pipeline.spec.ts:66:9 ??? Approval Pipeline: Ghost to Live ??? Step 3: Guest cannot find the pending homestay in search
[1A[2K[3/4] [chromium] ??? tests\e2e\approval-pipeline.spec.ts:82:9 ??? Approval Pipeline: Ghost to Live ??? Step 4 & 5: Admin sees pending homestay and approves it
[1A[2K[4/4] [chromium] ??? tests\e2e\approval-pipeline.spec.ts:113:9 ??? Approval Pipeline: Ghost to Live ??? Step 6: Host sees APPROVED badge on dashboard
[1A[2K  1 failed
    [chromium] ??? tests\e2e\approval-pipeline.spec.ts:8:9 ??? Approval Pipeline: Ghost to Live ??? Step 1 & 2: Host submits homestay and sees PENDING badge 
  3 did not run
