
Running 3 tests using 1 worker

[1A[2K[1/3] [chromium] ??? tests\e2e\rbac-map-flow.spec.ts:13:9 ??? RBAC & Map Flow Tests ??? Host: Create Listing with Map
[1A[2K[chromium] ??? tests\e2e\rbac-map-flow.spec.ts:13:9 ??? RBAC & Map Flow Tests ??? Host: Create Listing with Map
BROWSER LOAD [info]: %cDownload the React DevTools for a better development experience: https://react.dev/link/react-devtools font-weight:bold

[1A[2KBROWSER LOAD [log]: [HMR] connected

[1A[2KBROWSER LOAD [log]: [Fast Refresh] rebuilding

[1A[2KBROWSER LOAD [log]: [Fast Refresh] done in 137ms

[1A[2KBROWSER LOAD [info]: %cDownload the React DevTools for a better development experience: https://react.dev/link/react-devtools font-weight:bold

[1A[2KBROWSER LOAD [info]: %cDownload the React DevTools for a better development experience: https://react.dev/link/react-devtools font-weight:bold

[1A[2KBROWSER LOAD [log]: [HMR] connected

[1A[2KBROWSER LOAD [log]: [Fast Refresh] rebuilding

[1A[2KBROWSER LOAD [log]: [Fast Refresh] done in 113ms

[1A[2KBROWSER LOAD [log]: [Fast Refresh] rebuilding

[1A[2KBROWSER LOAD [log]: [Fast Refresh] done in 108ms

[1A[2KBROWSER LOAD [log]: [Fast Refresh] rebuilding

[1A[2KBROWSER LOAD [log]: [Fast Refresh] done in 104ms

[1A[2KBROWSER LOAD [log]: [Fast Refresh] rebuilding

[1A[2KBROWSER LOAD [log]: [Fast Refresh] done in 118ms

[1A[2KBROWSER LOAD [log]: [Fast Refresh] rebuilding

[1A[2KBROWSER LOAD [log]: [Fast Refresh] done in 152ms

[1A[2KBROWSER LOAD [log]: [Fast Refresh] rebuilding

[1A[2KBROWSER LOAD [log]: [Fast Refresh] done in 103ms

[1A[2KBROWSER LOAD [log]: [Fast Refresh] rebuilding

[1A[2KBROWSER LOAD [log]: [Fast Refresh] done in 105ms

[1A[2KBROWSER LOAD [log]: [Fast Refresh] rebuilding

[1A[2KBROWSER LOAD [log]: [Fast Refresh] done in 125ms

[1A[2KBROWSER LOAD [log]: [Fast Refresh] rebuilding

[1A[2KBROWSER LOAD [log]: [Fast Refresh] done in 101ms

[1A[2KSelected Location: 27.03756891620539, 88.26416015625

[1A[2KBROWSER LOAD [log]: [Fast Refresh] rebuilding

[1A[2KBROWSER LOAD [log]: [Fast Refresh] done in 107ms

[1A[2KBROWSER LOAD [log]: [Fast Refresh] rebuilding

[1A[2KBROWSER LOAD [log]: [Fast Refresh] done in 106ms

[1A[2KCaptured Homestay ID via API: 41cbd7f6-af35-4cd0-8ec8-47a82d6e42db

[1A[2K[2/3] [chromium] ??? tests\e2e\rbac-map-flow.spec.ts:101:9 ??? RBAC & Map Flow Tests ??? Guest: Read-Only Map & Permissions
[1A[2K  1) [chromium] ??? tests\e2e\rbac-map-flow.spec.ts:101:9 ??? RBAC & Map Flow Tests ??? Guest: Read-Only Map & Permissions 

    Error: [2mexpect([22m[31mlocator[39m[2m).[22mtoBeVisible[2m([22m[2m)[22m failed

    Locator: locator('.leaflet-container')
    Expected: visible
    Timeout: 5000ms
    Error: element(s) not found

    Call log:
    [2m  - Expect "toBeVisible" with timeout 5000ms[22m
    [2m  - waiting for locator('.leaflet-container')[22m


      109 |
      110 |         // 2. Verify Map
    > 111 |         await expect(page.locator('.leaflet-container')).toBeVisible();
          |                                                          ^
      112 |         await expect(page.locator('input[data-testid="lat-input"]')).not.toBeVisible(); // Hidden or non-existent
      113 |         await expect(page.locator('text=Selected Location')).not.toBeVisible(); // Readonly popup shouldn't show "Selected" immediately?
      114 |         // Just check it exists.
        at C:\Users\biswa\OneDrive\Documents\github\NorthBengalHomestays\frontend\tests\e2e\rbac-map-flow.spec.ts:111:58

    Error Context: test-results\e2e-rbac-map-flow-RBAC-Map-a9c80-t-Read-Only-Map-Permissions-chromium\error-context.md

    attachment #2: trace (application/zip) ???????????????????????????????????????????????????????????????????????????????????????????????????????????????????????????????????????????????????????????????????????????
    test-results\e2e-rbac-map-flow-RBAC-Map-a9c80-t-Read-Only-Map-Permissions-chromium\trace.zip
    Usage:

        npx playwright show-trace test-results\e2e-rbac-map-flow-RBAC-Map-a9c80-t-Read-Only-Map-Permissions-chromium\trace.zip

    ????????????????????????????????????????????????????????????????????????????????????????????????????????????????????????????????????????????????????????????????????????????????????????????????????????????????????????????????????????????????????????????????????????????????????????????????


[1A[2K[3/3] [chromium] ??? tests\e2e\rbac-map-flow.spec.ts:123:9 ??? RBAC & Map Flow Tests ??? Admin: Override Delete
[1A[2K  1 failed
    [chromium] ??? tests\e2e\rbac-map-flow.spec.ts:101:9 ??? RBAC & Map Flow Tests ??? Guest: Read-Only Map & Permissions 
  1 did not run
  1 passed (17.1s)
