
Running 3 tests using 1 worker

[1A[2K[1/3] [chromium] ??? tests\e2e\rbac-map-flow.spec.ts:13:9 ??? RBAC & Map Flow Tests ??? Host: Create Listing with Map
[1A[2K[chromium] ??? tests\e2e\rbac-map-flow.spec.ts:13:9 ??? RBAC & Map Flow Tests ??? Host: Create Listing with Map
BROWSER LOAD [info]: %cDownload the React DevTools for a better development experience: https://react.dev/link/react-devtools font-weight:bold

[1A[2KBROWSER LOAD [log]: [HMR] connected

[1A[2KBROWSER LOAD [log]: [Fast Refresh] rebuilding

[1A[2KBROWSER LOAD [info]: %cDownload the React DevTools for a better development experience: https://react.dev/link/react-devtools font-weight:bold

[1A[2KBROWSER LOAD [log]: [HMR] connected

[1A[2KBROWSER LOAD [info]: %cDownload the React DevTools for a better development experience: https://react.dev/link/react-devtools font-weight:bold

[1A[2KBROWSER LOAD [log]: [HMR] connected

[1A[2KBROWSER LOAD [log]: [Fast Refresh] rebuilding

[1A[2KBROWSER LOAD [log]: [Fast Refresh] done in 172ms

[1A[2KBROWSER LOAD [log]: [Fast Refresh] rebuilding

[1A[2KBROWSER LOAD [log]: [Fast Refresh] done in 122ms

[1A[2KBROWSER LOAD [log]: [Fast Refresh] rebuilding

[1A[2KBROWSER LOAD [log]: [Fast Refresh] done in 199ms

[1A[2KBROWSER LOAD [log]: [Fast Refresh] rebuilding

[1A[2KBROWSER LOAD [log]: [Fast Refresh] done in 186ms

[1A[2KBROWSER LOAD [log]: [Fast Refresh] rebuilding

[1A[2KBROWSER LOAD [log]: [Fast Refresh] done in 109ms

[1A[2KBROWSER LOAD [log]: [Fast Refresh] rebuilding

[1A[2KBROWSER LOAD [log]: [Fast Refresh] done in 104ms

[1A[2KBROWSER LOAD [log]: [Fast Refresh] rebuilding

[1A[2KBROWSER LOAD [log]: [Fast Refresh] done in 102ms

[1A[2KBROWSER LOAD [log]: [Fast Refresh] rebuilding

[1A[2KBROWSER LOAD [log]: [Fast Refresh] done in 107ms

[1A[2KSelected Location: 27.03756891620539, 88.26416015625

[1A[2KBROWSER LOAD [log]: [Fast Refresh] rebuilding

[1A[2KBROWSER LOAD [log]: [Fast Refresh] done in 123ms

[1A[2KCaptured Homestay ID via API: 835d9c57-f7ef-4188-9fb9-672e3aa621cd

[1A[2KBROWSER LOAD [log]: [Fast Refresh] rebuilding

[1A[2KBROWSER LOAD [log]: [Fast Refresh] done in 107ms

[1A[2K[2/3] [chromium] ??? tests\e2e\rbac-map-flow.spec.ts:102:13 ??? RBAC & Map Flow Tests ??? Guest & Admin Tests ??? Guest: Read-Only Map & Permissions
[1A[2K[chromium] ??? tests\e2e\rbac-map-flow.spec.ts:102:13 ??? RBAC & Map Flow Tests ??? Guest & Admin Tests ??? Guest: Read-Only Map & Permissions
GUEST [error]: Failed to load resource: the server responded with a status of 404 (Not Found)

[1A[2KGUEST [info]: %cDownload the React DevTools for a better development experience: https://react.dev/link/react-devtools font-weight:bold

[1A[2KGUEST [error]: %c%s%c Failed to fetch homestay 835d9c57-f7ef-4188-9fb9-672e3aa621cd: 500 background: #e6e6e6;background: light-dark(rgba(0,0,0,0.1), rgba(255,255,255,0.25));color: #000000;color: light-dark(#000000, #ffffff);border-radius: 2px  Server  

[1A[2KGUEST [log]: [HMR] connected

[1A[2K  1) [chromium] ??? tests\e2e\rbac-map-flow.spec.ts:102:13 ??? RBAC & Map Flow Tests ??? Guest & Admin Tests ??? Guest: Read-Only Map & Permissions 

    Error: [2mexpect([22m[31mlocator[39m[2m).[22mtoBeVisible[2m([22m[2m)[22m failed

    Locator: locator('.leaflet-container')
    Expected: visible
    Timeout: 10000ms
    Error: element(s) not found

    Call log:
    [2m  - Expect "toBeVisible" with timeout 10000ms[22m
    [2m  - waiting for locator('.leaflet-container')[22m


      116 |             // Check map
      117 |             // Note: leaflet-container is a class on the map div
    > 118 |             await expect(page.locator('.leaflet-container')).toBeVisible({ timeout: 10000 });
          |                                                              ^
      119 |
      120 |             await expect(page.locator('input[data-testid="lat-input"]')).not.toBeVisible(); // Hidden or non-existent
      121 |             await expect(page.locator('text=Selected Location')).not.toBeVisible();
        at C:\Users\biswa\OneDrive\Documents\github\NorthBengalHomestays\frontend\tests\e2e\rbac-map-flow.spec.ts:118:62

    Error Context: test-results\e2e-rbac-map-flow-RBAC-Map-db91e-t-Read-Only-Map-Permissions-chromium\error-context.md

    attachment #2: trace (application/zip) ???????????????????????????????????????????????????????????????????????????????????????????????????????????????????????????????????????????????????????????????????????????
    test-results\e2e-rbac-map-flow-RBAC-Map-db91e-t-Read-Only-Map-Permissions-chromium\trace.zip
    Usage:

        npx playwright show-trace test-results\e2e-rbac-map-flow-RBAC-Map-db91e-t-Read-Only-Map-Permissions-chromium\trace.zip

    ????????????????????????????????????????????????????????????????????????????????????????????????????????????????????????????????????????????????????????????????????????????????????????????????????????????????????????????????????????????????????????????????????????????????????????????????


[1A[2K[3/3] [chromium] ??? tests\e2e\rbac-map-flow.spec.ts:132:13 ??? RBAC & Map Flow Tests ??? Guest & Admin Tests ??? Admin: Override Delete
[1A[2K  1 failed
    [chromium] ??? tests\e2e\rbac-map-flow.spec.ts:102:13 ??? RBAC & Map Flow Tests ??? Guest & Admin Tests ??? Guest: Read-Only Map & Permissions 
  1 did not run
  1 passed (21.0s)
