
Running 3 tests using 1 worker

[1A[2K[1/3] [chromium] ??? tests\e2e\rbac-map-flow.spec.ts:13:9 ??? RBAC & Map Flow Tests ??? Host: Create Listing with Map
[1A[2K[chromium] ??? tests\e2e\rbac-map-flow.spec.ts:13:9 ??? RBAC & Map Flow Tests ??? Host: Create Listing with Map
BROWSER LOAD [info]: %cDownload the React DevTools for a better development experience: https://react.dev/link/react-devtools font-weight:bold

[1A[2KBROWSER LOAD [log]: [HMR] connected

[1A[2KBROWSER LOAD [log]: [Fast Refresh] rebuilding

[1A[2KBROWSER LOAD [log]: [Fast Refresh] done in 139ms

[1A[2KBROWSER LOAD [info]: %cDownload the React DevTools for a better development experience: https://react.dev/link/react-devtools font-weight:bold

[1A[2KBROWSER LOAD [log]: [HMR] connected

[1A[2KBROWSER LOAD [info]: %cDownload the React DevTools for a better development experience: https://react.dev/link/react-devtools font-weight:bold

[1A[2KBROWSER LOAD [log]: [HMR] connected

[1A[2KBROWSER LOAD [log]: [Fast Refresh] rebuilding

[1A[2KBROWSER LOAD [log]: [Fast Refresh] done in 108ms

[1A[2KBROWSER LOAD [log]: [Fast Refresh] rebuilding

[1A[2KBROWSER LOAD [log]: [Fast Refresh] done in 109ms

[1A[2KBROWSER LOAD [log]: [Fast Refresh] rebuilding

[1A[2KBROWSER LOAD [log]: [Fast Refresh] done in 199ms

[1A[2KBROWSER LOAD [log]: [Fast Refresh] rebuilding

[1A[2KBROWSER LOAD [log]: [Fast Refresh] done in 123ms

[1A[2KBROWSER LOAD [log]: [Fast Refresh] rebuilding

[1A[2KBROWSER LOAD [log]: [Fast Refresh] done in 101ms

[1A[2KBROWSER LOAD [log]: [Fast Refresh] rebuilding

[1A[2KBROWSER LOAD [log]: [Fast Refresh] done in 121ms

[1A[2KBROWSER LOAD [log]: [Fast Refresh] rebuilding

[1A[2KBROWSER LOAD [log]: [Fast Refresh] done in 108ms

[1A[2KBROWSER LOAD [log]: [Fast Refresh] rebuilding

[1A[2KBROWSER LOAD [log]: [Fast Refresh] done in 104ms

[1A[2KBROWSER LOAD [log]: [Fast Refresh] rebuilding

[1A[2KBROWSER LOAD [log]: [Fast Refresh] done in 103ms

[1A[2KBROWSER LOAD [log]: [Fast Refresh] rebuilding

[1A[2KBROWSER LOAD [log]: [Fast Refresh] done in 117ms

[1A[2KBROWSER LOAD [log]: [Fast Refresh] rebuilding

[1A[2KBROWSER LOAD [log]: [Fast Refresh] done in 153ms

[1A[2KSelected Location: 27.03756891620539, 88.26416015625

[1A[2KBROWSER LOAD [log]: [Fast Refresh] rebuilding

[1A[2KBROWSER LOAD [log]: [Fast Refresh] done in 199ms

[1A[2KBROWSER LOAD [log]: [Fast Refresh] rebuilding

[1A[2KBROWSER LOAD [log]: [Fast Refresh] done in 107ms

[1A[2KCaptured Homestay ID via API: d697e59b-d8ef-47e9-a8b8-15bafd1ca9c5

[1A[2K[2/3] [chromium] ??? tests\e2e\rbac-map-flow.spec.ts:102:13 ??? RBAC & Map Flow Tests ??? Guest & Admin Tests ??? Guest: Read-Only Map & Permissions
[1A[2K[chromium] ??? tests\e2e\rbac-map-flow.spec.ts:102:13 ??? RBAC & Map Flow Tests ??? Guest & Admin Tests ??? Guest: Read-Only Map & Permissions
GUEST [info]: %cDownload the React DevTools for a better development experience: https://react.dev/link/react-devtools font-weight:bold

[1A[2KGUEST [log]: [HMR] connected

[1A[2KGUEST [log]: [Fast Refresh] rebuilding

[1A[2KGUEST [log]: [Fast Refresh] done in 224ms

[1A[2KGUEST [log]: [Fast Refresh] rebuilding

[1A[2KGUEST [log]: [Fast Refresh] done in 123ms

[1A[2K[3/3] [chromium] ??? tests\e2e\rbac-map-flow.spec.ts:132:13 ??? RBAC & Map Flow Tests ??? Guest & Admin Tests ??? Admin: Override Delete
[1A[2K[chromium] ??? tests\e2e\rbac-map-flow.spec.ts:132:13 ??? RBAC & Map Flow Tests ??? Guest & Admin Tests ??? Admin: Override Delete
ADMIN [info]: %cDownload the React DevTools for a better development experience: https://react.dev/link/react-devtools font-weight:bold

[1A[2KADMIN [log]: [HMR] connected

[1A[2KADMIN [log]: [Fast Refresh] rebuilding

[1A[2KADMIN [log]: [Fast Refresh] done in 105ms

[1A[2KADMIN [info]: %cDownload the React DevTools for a better development experience: https://react.dev/link/react-devtools font-weight:bold

[1A[2KADMIN [log]: [HMR] connected

[1A[2KADMIN [info]: %cDownload the React DevTools for a better development experience: https://react.dev/link/react-devtools font-weight:bold

[1A[2KADMIN [log]: [HMR] connected

[1A[2KADMIN [log]: [Fast Refresh] rebuilding

[1A[2KADMIN [log]: [Fast Refresh] done in 147ms

[1A[2KADMIN [log]: [Fast Refresh] rebuilding

[1A[2KADMIN [log]: [Fast Refresh] done in 121ms

[1A[2KADMIN [log]: [Fast Refresh] rebuilding

[1A[2KADMIN [log]: [Fast Refresh] done in 105ms

[1A[2KADMIN [log]: [Fast Refresh] rebuilding

[1A[2KADMIN [log]: [Fast Refresh] done in 106ms

[1A[2KADMIN [log]: [Fast Refresh] rebuilding

[1A[2KADMIN [log]: [Fast Refresh] done in 121ms

[1A[2K  1) [chromium] ??? tests\e2e\rbac-map-flow.spec.ts:132:13 ??? RBAC & Map Flow Tests ??? Guest & Admin Tests ??? Admin: Override Delete 

    Error: [2mexpect([22m[31mlocator[39m[2m).[22mtoBeVisible[2m([22m[2m)[22m failed

    Locator: locator('button:has-text("Delete")')
    Expected: visible
    Timeout: 10000ms
    Error: element(s) not found

    Call log:
    [2m  - Expect "toBeVisible" with timeout 10000ms[22m
    [2m  - waiting for locator('button:has-text("Delete")')[22m


      145 |
      146 |             // 3. Verify Admin Delete Button exists
    > 147 |             await expect(page.locator('button:has-text("Delete")')).toBeVisible({ timeout: 10000 });
          |                                                                     ^
      148 |
      149 |             // 4. Delete
      150 |             page.on('dialog', dialog => dialog.accept());
        at C:\Users\biswa\OneDrive\Documents\github\NorthBengalHomestays\frontend\tests\e2e\rbac-map-flow.spec.ts:147:69

    Error Context: test-results\e2e-rbac-map-flow-RBAC-Map-f02be-Tests-Admin-Override-Delete-chromium\error-context.md

    attachment #2: trace (application/zip) ???????????????????????????????????????????????????????????????????????????????????????????????????????????????????????????????????????????????????????????????????????????
    test-results\e2e-rbac-map-flow-RBAC-Map-f02be-Tests-Admin-Override-Delete-chromium\trace.zip
    Usage:

        npx playwright show-trace test-results\e2e-rbac-map-flow-RBAC-Map-f02be-Tests-Admin-Override-Delete-chromium\trace.zip

    ????????????????????????????????????????????????????????????????????????????????????????????????????????????????????????????????????????????????????????????????????????????????????????????????????????????????????????????????????????????????????????????????????????????????????????????????


[1A[2K  1 failed
    [chromium] ??? tests\e2e\rbac-map-flow.spec.ts:132:13 ??? RBAC & Map Flow Tests ??? Guest & Admin Tests ??? Admin: Override Delete 
  2 passed (24.9s)
