
Running 3 tests using 1 worker

[1A[2K[1/3] [chromium] ??? tests\e2e\rbac-map-flow.spec.ts:13:9 ??? RBAC & Map Flow Tests ??? Host: Create Listing with Map
[1A[2K[chromium] ??? tests\e2e\rbac-map-flow.spec.ts:13:9 ??? RBAC & Map Flow Tests ??? Host: Create Listing with Map
BROWSER LOAD [info]: %cDownload the React DevTools for a better development experience: https://react.dev/link/react-devtools font-weight:bold

[1A[2KBROWSER LOAD [log]: [HMR] connected

[1A[2KBROWSER LOAD [info]: %cDownload the React DevTools for a better development experience: https://react.dev/link/react-devtools font-weight:bold

[1A[2KBROWSER LOAD [log]: [HMR] connected

[1A[2KBROWSER LOAD [log]: [Fast Refresh] rebuilding

[1A[2KBROWSER LOAD [log]: [Fast Refresh] done in 229ms

[1A[2KBROWSER LOAD [log]: [Fast Refresh] rebuilding

[1A[2KBROWSER LOAD [log]: [Fast Refresh] done in 128ms

[1A[2KBROWSER LOAD [log]: [Fast Refresh] rebuilding

[1A[2KBROWSER LOAD [log]: [Fast Refresh] done in 105ms

[1A[2KBROWSER LOAD [log]: [Fast Refresh] rebuilding

[1A[2KBROWSER LOAD [log]: [Fast Refresh] done in 186ms

[1A[2KBROWSER LOAD [log]: [Fast Refresh] rebuilding

[1A[2KBROWSER LOAD [log]: [Fast Refresh] done in 103ms

[1A[2KBROWSER LOAD [log]: [Fast Refresh] rebuilding

[1A[2KBROWSER LOAD [log]: [Fast Refresh] done in 106ms

[1A[2KSelected Location: 27.0377554, 88.263176

[1A[2KBROWSER LOAD [log]: [Fast Refresh] rebuilding

[1A[2KBROWSER LOAD [log]: [Fast Refresh] done in 133ms

[1A[2KBROWSER LOAD [log]: [Fast Refresh] rebuilding

[1A[2KBROWSER LOAD [log]: [Fast Refresh] done in 122ms

[1A[2KCaptured Homestay ID via API: 1b42232c-ffdf-47c0-9848-c76b7a8775fb

[1A[2KBROWSER LOAD [log]: [Fast Refresh] rebuilding

[1A[2KBROWSER LOAD [log]: [Fast Refresh] done in 101ms

[1A[2KBROWSER LOAD [log]: [Fast Refresh] rebuilding

[1A[2KBROWSER LOAD [log]: [Fast Refresh] done in 130ms

[1A[2K[2/3] [chromium] ??? tests\e2e\rbac-map-flow.spec.ts:102:13 ??? RBAC & Map Flow Tests ??? Guest & Admin Tests ??? Guest: Read-Only Map & Permissions
[1A[2K[chromium] ??? tests\e2e\rbac-map-flow.spec.ts:102:13 ??? RBAC & Map Flow Tests ??? Guest & Admin Tests ??? Guest: Read-Only Map & Permissions
GUEST [info]: %cDownload the React DevTools for a better development experience: https://react.dev/link/react-devtools font-weight:bold

[1A[2KGUEST [log]: [HMR] connected

[1A[2KGUEST [log]: [Fast Refresh] rebuilding

[1A[2KGUEST [log]: [Fast Refresh] done in 118ms

[1A[2K[3/3] [chromium] ??? tests\e2e\rbac-map-flow.spec.ts:132:13 ??? RBAC & Map Flow Tests ??? Guest & Admin Tests ??? Admin: Override Delete
[1A[2K[chromium] ??? tests\e2e\rbac-map-flow.spec.ts:132:13 ??? RBAC & Map Flow Tests ??? Guest & Admin Tests ??? Admin: Override Delete
ADMIN [info]: %cDownload the React DevTools for a better development experience: https://react.dev/link/react-devtools font-weight:bold

[1A[2KADMIN [log]: [HMR] connected

[1A[2KADMIN [info]: %cDownload the React DevTools for a better development experience: https://react.dev/link/react-devtools font-weight:bold

[1A[2KADMIN [log]: [HMR] connected

[1A[2KADMIN [info]: %cDownload the React DevTools for a better development experience: https://react.dev/link/react-devtools font-weight:bold

[1A[2KADMIN [log]: [HMR] connected

[1A[2KADMIN [log]: [Fast Refresh] rebuilding

[1A[2KADMIN [log]: [Fast Refresh] done in 157ms

[1A[2KADMIN [log]: [Fast Refresh] rebuilding

[1A[2KADMIN [log]: [Fast Refresh] done in 204ms

[1A[2KADMIN [log]: [Fast Refresh] rebuilding

[1A[2KADMIN [log]: [Fast Refresh] done in 104ms

[1A[2KADMIN [warning]: Warning: Missing `Description` or `aria-describedby={undefined}` for {DialogContent}.

[1A[2KADMIN [warning]: Warning: Missing `Description` or `aria-describedby={undefined}` for {DialogContent}.

[1A[2KADMIN [log]: [Fast Refresh] rebuilding

[1A[2KADMIN [log]: [Fast Refresh] done in 119ms

[1A[2KADMIN [log]: [Fast Refresh] rebuilding

[1A[2KADMIN [log]: [Fast Refresh] done in 107ms

[1A[2KADMIN [log]: [Fast Refresh] rebuilding

[1A[2KADMIN [log]: [Fast Refresh] done in 130ms

[1A[2KADMIN [log]: [Fast Refresh] rebuilding

[1A[2KADMIN [log]: [Fast Refresh] done in 153ms

[1A[2KADMIN [log]: [Fast Refresh] rebuilding

[1A[2KADMIN [log]: [Fast Refresh] done in 123ms

[1A[2K  1) [chromium] ??? tests\e2e\rbac-map-flow.spec.ts:132:13 ??? RBAC & Map Flow Tests ??? Guest & Admin Tests ??? Admin: Override Delete 

    Error: [2mexpect([22m[31mreceived[39m[2m).[22mtoBe[2m([22m[32mexpected[39m[2m) // Object.is equality[22m

    Expected: [32m404[39m
    Received: [31m500[39m

      163 |             // Verify 404
      164 |             const res = await page.request.get(`http://localhost:8080/api/homestays/${homestayId}`);
    > 165 |             expect(res.status()).toBe(404);
          |                                  ^
      166 |         });
      167 |     });
      168 |
        at C:\Users\biswa\OneDrive\Documents\github\NorthBengalHomestays\frontend\tests\e2e\rbac-map-flow.spec.ts:165:34

    Error Context: test-results\e2e-rbac-map-flow-RBAC-Map-f02be-Tests-Admin-Override-Delete-chromium\error-context.md

    attachment #2: trace (application/zip) ???????????????????????????????????????????????????????????????????????????????????????????????????????????????????????????????????????????????????????????????????????????
    test-results\e2e-rbac-map-flow-RBAC-Map-f02be-Tests-Admin-Override-Delete-chromium\trace.zip
    Usage:

        npx playwright show-trace test-results\e2e-rbac-map-flow-RBAC-Map-f02be-Tests-Admin-Override-Delete-chromium\trace.zip

    ????????????????????????????????????????????????????????????????????????????????????????????????????????????????????????????????????????????????????????????????????????????????????????????????????????????????????????????????????????????????????????????????????????????????????????????????


[1A[2K  1 failed
    [chromium] ??? tests\e2e\rbac-map-flow.spec.ts:132:13 ??? RBAC & Map Flow Tests ??? Guest & Admin Tests ??? Admin: Override Delete 
  2 passed (16.4s)
