
Running 3 tests using 1 worker

[1A[2K[1/3] [chromium] ??? tests\e2e\rbac-map-flow.spec.ts:13:9 ??? RBAC & Map Flow Tests ??? Host: Create Listing with Map
[1A[2K[chromium] ??? tests\e2e\rbac-map-flow.spec.ts:13:9 ??? RBAC & Map Flow Tests ??? Host: Create Listing with Map
BROWSER LOAD [info]: %cDownload the React DevTools for a better development experience: https://react.dev/link/react-devtools font-weight:bold

[1A[2KBROWSER LOAD [log]: [HMR] connected

[1A[2KBROWSER LOAD [log]: [Fast Refresh] rebuilding

[1A[2KBROWSER LOAD [log]: [Fast Refresh] done in 106ms

[1A[2KBROWSER LOAD [info]: %cDownload the React DevTools for a better development experience: https://react.dev/link/react-devtools font-weight:bold

[1A[2KBROWSER LOAD [log]: [HMR] connected

[1A[2KBROWSER LOAD [log]: [Fast Refresh] rebuilding

[1A[2KBROWSER LOAD [log]: [Fast Refresh] done in 259ms

[1A[2KBROWSER LOAD [info]: %cDownload the React DevTools for a better development experience: https://react.dev/link/react-devtools font-weight:bold

[1A[2KBROWSER LOAD [log]: [HMR] connected

[1A[2KBROWSER LOAD [log]: [Fast Refresh] rebuilding

[1A[2KBROWSER LOAD [log]: [Fast Refresh] done in 134ms

[1A[2KBROWSER LOAD [log]: [Fast Refresh] rebuilding

[1A[2KBROWSER LOAD [log]: [Fast Refresh] done in 204ms

[1A[2KBROWSER LOAD [log]: [Fast Refresh] rebuilding

[1A[2KBROWSER LOAD [log]: [Fast Refresh] done in 152ms

[1A[2KBROWSER LOAD [log]: [Fast Refresh] rebuilding

[1A[2KBROWSER LOAD [log]: [Fast Refresh] done in 106ms

[1A[2KBROWSER LOAD [log]: [Fast Refresh] rebuilding

[1A[2KBROWSER LOAD [log]: [Fast Refresh] done in 136ms

[1A[2KBROWSER LOAD [log]: [Fast Refresh] rebuilding

[1A[2KBROWSER LOAD [log]: [Fast Refresh] done in 119ms

[1A[2KBROWSER LOAD [log]: [Fast Refresh] rebuilding

[1A[2KBROWSER LOAD [log]: [Fast Refresh] done in 153ms

[1A[2KBROWSER LOAD [log]: [Fast Refresh] rebuilding

[1A[2KBROWSER LOAD [log]: [Fast Refresh] done in 107ms

[1A[2KBROWSER LOAD [log]: [Fast Refresh] rebuilding

[1A[2KBROWSER LOAD [log]: [Fast Refresh] done in 121ms

[1A[2KBROWSER LOAD [log]: [Fast Refresh] rebuilding

[1A[2KBROWSER LOAD [log]: [Fast Refresh] done in 129ms

[1A[2KBROWSER LOAD [log]: [Fast Refresh] rebuilding

[1A[2KBROWSER LOAD [log]: [Fast Refresh] done in 125ms

[1A[2KBROWSER LOAD [log]: [Fast Refresh] rebuilding

[1A[2KBROWSER LOAD [log]: [Fast Refresh] done in 117ms

[1A[2KBROWSER LOAD [log]: [Fast Refresh] rebuilding

[1A[2KBROWSER LOAD [log]: [Fast Refresh] done in 105ms

[1A[2KBROWSER LOAD [log]: [Fast Refresh] rebuilding

[1A[2KBROWSER LOAD [log]: [Fast Refresh] done in 108ms

[1A[2KSelected Location: 26.7764553407091, 88.37715798260233

[1A[2KBROWSER LOAD [log]: [Fast Refresh] rebuilding

[1A[2KBROWSER LOAD [log]: [Fast Refresh] done in 163ms

[1A[2KBROWSER LOAD [log]: [Fast Refresh] rebuilding

[1A[2KBROWSER LOAD [log]: [Fast Refresh] done in 113ms

[1A[2KBROWSER LOAD [error]: Failed to load resource: the server responded with a status of 400 ()

[1A[2KBROWSER LOAD [error]: Submission Error: {timestamp: 2026-02-15T16:17:31.448+00:00, status: 400, error: Bad Request, path: /api/homestays}

[1A[2KBROWSER LOAD [log]: [Fast Refresh] rebuilding

[1A[2KBROWSER LOAD [log]: [Fast Refresh] done in 107ms

[1A[2KBROWSER LOAD [log]: [Fast Refresh] rebuilding

[1A[2KBROWSER LOAD [log]: [Fast Refresh] done in 125ms

[1A[2KBROWSER LOAD [log]: [Fast Refresh] rebuilding

[1A[2KBROWSER LOAD [log]: [Fast Refresh] done in 123ms

[1A[2KBROWSER LOAD [log]: [Fast Refresh] rebuilding

[1A[2KBROWSER LOAD [log]: [Fast Refresh] done in 106ms

[1A[2KBROWSER LOAD [log]: [Fast Refresh] rebuilding

[1A[2KBROWSER LOAD [log]: [Fast Refresh] done in 121ms

[1A[2KBROWSER LOAD [log]: [Fast Refresh] rebuilding

[1A[2KBROWSER LOAD [log]: [Fast Refresh] done in 136ms

[1A[2K  1) [chromium] ??? tests\e2e\rbac-map-flow.spec.ts:13:9 ??? RBAC & Map Flow Tests ??? Host: Create Listing with Map 

    Error: [2mexpect([22m[31mpage[39m[2m).[22mtoHaveURL[2m([22m[32mexpected[39m[2m)[22m failed

    Expected pattern: [32m/.*\/host\/dashboard/[39m
    Received string:  [31m"http://localhost:3000/host/add-homestay"[39m
    Timeout: 30000ms

    Call log:
    [2m  - Expect "toHaveURL" with timeout 30000ms[22m
    [2m    33 ?? unexpected value "http://localhost:3000/host/add-homestay"[22m


      66 |
      67 |         // 3. Verify on Dashboard
    > 68 |         await expect(page).toHaveURL(/.*\/host\/dashboard/, { timeout: 30000 });
         |                            ^
      69 |         await expect(page.getByText(homestayName)).toBeVisible({ timeout: 10000 });
      70 |
      71 |         // 4. Capture ID
        at C:\Users\biswa\OneDrive\Documents\github\NorthBengalHomestays\frontend\tests\e2e\rbac-map-flow.spec.ts:68:28

    Error Context: test-results\e2e-rbac-map-flow-RBAC-Map-f1169-ost-Create-Listing-with-Map-chromium\error-context.md

    attachment #2: trace (application/zip) ???????????????????????????????????????????????????????????????????????????????????????????????????????????????????????????????????????????????????????????????????????????
    test-results\e2e-rbac-map-flow-RBAC-Map-f1169-ost-Create-Listing-with-Map-chromium\trace.zip
    Usage:

        npx playwright show-trace test-results\e2e-rbac-map-flow-RBAC-Map-f1169-ost-Create-Listing-with-Map-chromium\trace.zip

    ????????????????????????????????????????????????????????????????????????????????????????????????????????????????????????????????????????????????????????????????????????????????????????????????????????????????????????????????????????????????????????????????????????????????????????????????


[1A[2K[2/3] [chromium] ??? tests\e2e\rbac-map-flow.spec.ts:115:9 ??? RBAC & Map Flow Tests ??? Guest: Read-Only Map & Permissions
[1A[2K[3/3] [chromium] ??? tests\e2e\rbac-map-flow.spec.ts:137:9 ??? RBAC & Map Flow Tests ??? Admin: Override Delete
[1A[2K  1 failed
    [chromium] ??? tests\e2e\rbac-map-flow.spec.ts:13:9 ??? RBAC & Map Flow Tests ??? Host: Create Listing with Map 
  2 did not run
