
Running 3 tests using 1 worker

[1A[2K[1/3] [chromium] ??? tests\e2e\rbac-map-flow.spec.ts:13:9 ??? RBAC & Map Flow Tests ??? Host: Create Listing with Map
[1A[2K[chromium] ??? tests\e2e\rbac-map-flow.spec.ts:13:9 ??? RBAC & Map Flow Tests ??? Host: Create Listing with Map
BROWSER LOAD [info]: %cDownload the React DevTools for a better development experience: https://react.dev/link/react-devtools font-weight:bold

[1A[2KBROWSER LOAD [log]: [HMR] connected

[1A[2KBROWSER LOAD [info]: %cDownload the React DevTools for a better development experience: https://react.dev/link/react-devtools font-weight:bold

[1A[2KBROWSER LOAD [log]: [HMR] connected

[1A[2KBROWSER LOAD [info]: %cDownload the React DevTools for a better development experience: https://react.dev/link/react-devtools font-weight:bold

[1A[2KBROWSER LOAD [log]: [HMR] connected

[1A[2KBROWSER LOAD [log]: [Fast Refresh] rebuilding

[1A[2KBROWSER LOAD [log]: [Fast Refresh] done in 139ms

[1A[2KBROWSER LOAD [log]: [Fast Refresh] rebuilding

[1A[2KBROWSER LOAD [log]: [Fast Refresh] done in 118ms

[1A[2KBROWSER LOAD [log]: [Fast Refresh] rebuilding

[1A[2KBROWSER LOAD [log]: [Fast Refresh] done in 107ms

[1A[2KBROWSER LOAD [log]: [Fast Refresh] rebuilding

[1A[2KBROWSER LOAD [log]: [Fast Refresh] done in 106ms

[1A[2KBROWSER LOAD [log]: [Fast Refresh] rebuilding

[1A[2KBROWSER LOAD [log]: [Fast Refresh] done in 103ms

[1A[2KBROWSER LOAD [log]: [Fast Refresh] rebuilding

[1A[2KBROWSER LOAD [log]: [Fast Refresh] done in 103ms

[1A[2KBROWSER LOAD [log]: [Fast Refresh] rebuilding

[1A[2KBROWSER LOAD [log]: [Fast Refresh] done in 108ms

[1A[2KBROWSER LOAD [log]: [Fast Refresh] rebuilding

[1A[2KBROWSER LOAD [log]: [Fast Refresh] done in 181ms

[1A[2KBROWSER LOAD [log]: [Fast Refresh] rebuilding

[1A[2KBROWSER LOAD [log]: [Fast Refresh] done in 106ms

[1A[2KBROWSER LOAD [log]: [Fast Refresh] rebuilding

[1A[2KBROWSER LOAD [log]: [Fast Refresh] done in 105ms

[1A[2KBROWSER LOAD [log]: [Fast Refresh] rebuilding

[1A[2KBROWSER LOAD [log]: [Fast Refresh] done in 105ms

[1A[2KBROWSER LOAD [log]: [Fast Refresh] rebuilding

[1A[2KBROWSER LOAD [log]: [Fast Refresh] done in 105ms

[1A[2KBROWSER LOAD [log]: [Fast Refresh] rebuilding

[1A[2KBROWSER LOAD [log]: [Fast Refresh] done in 135ms

[1A[2KBROWSER LOAD [log]: [Fast Refresh] rebuilding

[1A[2KBROWSER LOAD [log]: [Fast Refresh] done in 109ms

[1A[2KSelected Location: 27.03756891620539, 88.26416015625

[1A[2KBROWSER LOAD [log]: [Fast Refresh] rebuilding

[1A[2KBROWSER LOAD [log]: [Fast Refresh] done in 118ms

[1A[2KBROWSER LOAD [log]: [Fast Refresh] rebuilding

[1A[2KBROWSER LOAD [log]: [Fast Refresh] done in 107ms

[1A[2KBROWSER LOAD [log]: [Fast Refresh] rebuilding

[1A[2KBROWSER LOAD [log]: [Fast Refresh] done in 110ms

[1A[2KBROWSER LOAD [log]: [Fast Refresh] rebuilding

[1A[2KBROWSER LOAD [log]: [Fast Refresh] done in 208ms

[1A[2KCaptured Homestay ID via API: 500dc020-f2a3-4209-abeb-30701e95cd25

[1A[2KBROWSER LOAD [log]: [Fast Refresh] rebuilding

[1A[2KBROWSER LOAD [log]: [Fast Refresh] done in 107ms

[1A[2KBROWSER LOAD [log]: [Fast Refresh] rebuilding

[1A[2KBROWSER LOAD [log]: [Fast Refresh] done in 121ms

[1A[2K[2/3] [chromium] ??? tests\e2e\rbac-map-flow.spec.ts:102:13 ??? RBAC & Map Flow Tests ??? Guest & Admin Tests ??? Guest: Read-Only Map & Permissions
[1A[2K[chromium] ??? tests\e2e\rbac-map-flow.spec.ts:102:13 ??? RBAC & Map Flow Tests ??? Guest & Admin Tests ??? Guest: Read-Only Map & Permissions
GUEST [info]: %cDownload the React DevTools for a better development experience: https://react.dev/link/react-devtools font-weight:bold

[1A[2KGUEST [log]: [HMR] connected

[1A[2KGUEST [log]: [Fast Refresh] rebuilding

[1A[2KGUEST [log]: [Fast Refresh] done in 104ms

[1A[2KGUEST [log]: [Fast Refresh] rebuilding

[1A[2KGUEST [log]: [Fast Refresh] done in 105ms

[1A[2KGUEST [log]: [Fast Refresh] rebuilding

[1A[2KGUEST [log]: [Fast Refresh] done in 107ms

[1A[2K[3/3] [chromium] ??? tests\e2e\rbac-map-flow.spec.ts:132:13 ??? RBAC & Map Flow Tests ??? Guest & Admin Tests ??? Admin: Override Delete
[1A[2K[chromium] ??? tests\e2e\rbac-map-flow.spec.ts:132:13 ??? RBAC & Map Flow Tests ??? Guest & Admin Tests ??? Admin: Override Delete
ADMIN [info]: %cDownload the React DevTools for a better development experience: https://react.dev/link/react-devtools font-weight:bold

[1A[2KADMIN [log]: [HMR] connected

[1A[2KADMIN [info]: %cDownload the React DevTools for a better development experience: https://react.dev/link/react-devtools font-weight:bold

[1A[2KADMIN [log]: [HMR] connected

[1A[2KADMIN [info]: %cDownload the React DevTools for a better development experience: https://react.dev/link/react-devtools font-weight:bold

[1A[2KADMIN [log]: [HMR] connected

[1A[2KADMIN [log]: [Fast Refresh] rebuilding

[1A[2KADMIN [log]: [Fast Refresh] done in 130ms

[1A[2KADMIN [warning]: Warning: Missing `Description` or `aria-describedby={undefined}` for {DialogContent}.

[1A[2KADMIN [warning]: Warning: Missing `Description` or `aria-describedby={undefined}` for {DialogContent}.

[1A[2KADMIN [log]: [Fast Refresh] rebuilding

[1A[2KADMIN [log]: [Fast Refresh] done in 110ms

[1A[2KADMIN [log]: [Fast Refresh] rebuilding

[1A[2KADMIN [log]: [Fast Refresh] done in 122ms

[1A[2KADMIN [log]: [Fast Refresh] rebuilding

[1A[2KADMIN [log]: [Fast Refresh] done in 107ms

[1A[2K  3 passed (16.5s)
