
Running 3 tests using 1 worker

[1A[2K[1/3] [chromium] ??? tests\e2e\rbac-map-flow.spec.ts:13:9 ??? RBAC & Map Flow Tests ??? Host: Create Listing with Map
[1A[2K[chromium] ??? tests\e2e\rbac-map-flow.spec.ts:13:9 ??? RBAC & Map Flow Tests ??? Host: Create Listing with Map
BROWSER LOAD [info]: %cDownload the React DevTools for a better development experience: https://react.dev/link/react-devtools font-weight:bold

[1A[2KBROWSER LOAD [log]: [HMR] connected

[1A[2KBROWSER LOAD [log]: [Fast Refresh] rebuilding

[1A[2KBROWSER LOAD [log]: [Fast Refresh] done in 165ms

[1A[2KBROWSER LOAD [info]: %cDownload the React DevTools for a better development experience: https://react.dev/link/react-devtools font-weight:bold

[1A[2KBROWSER LOAD [log]: [HMR] connected

[1A[2KBROWSER LOAD [info]: %cDownload the React DevTools for a better development experience: https://react.dev/link/react-devtools font-weight:bold

[1A[2KBROWSER LOAD [log]: [HMR] connected

[1A[2KBROWSER LOAD [log]: [Fast Refresh] rebuilding

[1A[2KBROWSER LOAD [log]: [Fast Refresh] done in 128ms

[1A[2KBROWSER LOAD [log]: [Fast Refresh] rebuilding

[1A[2KBROWSER LOAD [log]: [Fast Refresh] done in 118ms

[1A[2KBROWSER LOAD [log]: [Fast Refresh] rebuilding

[1A[2KBROWSER LOAD [log]: [Fast Refresh] done in 172ms

[1A[2KBROWSER LOAD [log]: [Fast Refresh] rebuilding

[1A[2KBROWSER LOAD [log]: [Fast Refresh] done in 145ms

[1A[2KBROWSER LOAD [log]: [Fast Refresh] rebuilding

[1A[2KBROWSER LOAD [log]: [Fast Refresh] done in 121ms

[1A[2KBROWSER LOAD [log]: [Fast Refresh] rebuilding

[1A[2KBROWSER LOAD [log]: [Fast Refresh] done in 125ms

[1A[2KBROWSER LOAD [log]: [Fast Refresh] rebuilding

[1A[2KBROWSER LOAD [log]: [Fast Refresh] done in 123ms

[1A[2KBROWSER LOAD [log]: [Fast Refresh] rebuilding

[1A[2KBROWSER LOAD [log]: [Fast Refresh] done in 135ms

[1A[2KBROWSER LOAD [log]: [Fast Refresh] rebuilding

[1A[2KBROWSER LOAD [log]: [Fast Refresh] done in 107ms

[1A[2KBROWSER LOAD [log]: [Fast Refresh] rebuilding

[1A[2KBROWSER LOAD [log]: [Fast Refresh] done in 107ms

[1A[2KBROWSER LOAD [log]: [Fast Refresh] rebuilding

[1A[2KBROWSER LOAD [log]: [Fast Refresh] done in 105ms

[1A[2KBROWSER LOAD [log]: [Fast Refresh] rebuilding

[1A[2KBROWSER LOAD [log]: [Fast Refresh] done in 108ms

[1A[2KBROWSER LOAD [log]: [Fast Refresh] rebuilding

[1A[2KBROWSER LOAD [log]: [Fast Refresh] done in 124ms

[1A[2KBROWSER LOAD [log]: [Fast Refresh] rebuilding

[1A[2KBROWSER LOAD [log]: [Fast Refresh] done in 119ms

[1A[2KBROWSER LOAD [log]: [Fast Refresh] rebuilding

[1A[2KBROWSER LOAD [log]: [Fast Refresh] done in 106ms

[1A[2KBROWSER LOAD [log]: [Fast Refresh] rebuilding

[1A[2KBROWSER LOAD [log]: [Fast Refresh] done in 108ms

[1A[2KBROWSER LOAD [log]: [Fast Refresh] rebuilding

[1A[2KBROWSER LOAD [log]: [Fast Refresh] done in 170ms

[1A[2KBROWSER LOAD [log]: [Fast Refresh] rebuilding

[1A[2KBROWSER LOAD [log]: [Fast Refresh] done in 123ms

[1A[2KSelected Location: 27.03756891620539, 88.26416015625

[1A[2KBROWSER LOAD [log]: [Fast Refresh] rebuilding

[1A[2KBROWSER LOAD [log]: [Fast Refresh] done in 163ms

[1A[2KBROWSER LOAD [log]: [Fast Refresh] rebuilding

[1A[2KBROWSER LOAD [log]: [Fast Refresh] done in 147ms

[1A[2KBROWSER LOAD [log]: [Fast Refresh] rebuilding

[1A[2KBROWSER LOAD [log]: [Fast Refresh] done in 140ms

[1A[2KBROWSER LOAD [log]: [Fast Refresh] rebuilding

[1A[2KBROWSER LOAD [log]: [Fast Refresh] done in 133ms

[1A[2KBROWSER LOAD [log]: [Fast Refresh] rebuilding

[1A[2KBROWSER LOAD [log]: [Fast Refresh] done in 265ms

[1A[2KBROWSER LOAD [log]: [Fast Refresh] rebuilding

[1A[2KBROWSER LOAD [log]: [Fast Refresh] done in 120ms

[1A[2KBROWSER LOAD [log]: [Fast Refresh] rebuilding

[1A[2KBROWSER LOAD [log]: [Fast Refresh] done in 125ms

[1A[2KBROWSER LOAD [log]: [Fast Refresh] rebuilding

[1A[2KBROWSER LOAD [log]: [Fast Refresh] done in 150ms

[1A[2KBROWSER LOAD [log]: [Fast Refresh] rebuilding

[1A[2KBROWSER LOAD [log]: [Fast Refresh] done in 152ms

[1A[2KBROWSER LOAD [log]: [Fast Refresh] rebuilding

[1A[2KBROWSER LOAD [log]: [Fast Refresh] done in 369ms

[1A[2K  1) [chromium] ??? tests\e2e\rbac-map-flow.spec.ts:13:9 ??? RBAC & Map Flow Tests ??? Host: Create Listing with Map 

    [31mTest timeout of 120000ms exceeded.[39m

    Error: locator.click: Test timeout of 120000ms exceeded.
    Call log:
    [2m  - waiting for locator('div').filter({ hasText: 'Map Stay 1771172404198' }).last().locator('button:has-text("Edit")')[22m


      91 |             // Use filtering by text
      92 |             const row = page.locator('div', { hasText: homestayName }).last();
    > 93 |             await row.locator('button:has-text("Edit")').click();
         |                                                          ^
      94 |             // Edit modal/page?
      95 |             // If modal, we might see ID in network or form?
      96 |             // Wait, Add Homestay Wizard uses /host/add-homestay.
        at C:\Users\biswa\OneDrive\Documents\github\NorthBengalHomestays\frontend\tests\e2e\rbac-map-flow.spec.ts:93:58

    Error Context: test-results\e2e-rbac-map-flow-RBAC-Map-f1169-ost-Create-Listing-with-Map-chromium\error-context.md

    attachment #2: trace (application/zip) ???????????????????????????????????????????????????????????????????????????????????????????????????????????????????????????????????????????????????????????????????????????
    test-results\e2e-rbac-map-flow-RBAC-Map-f1169-ost-Create-Listing-with-Map-chromium\trace.zip
    Usage:

        npx playwright show-trace test-results\e2e-rbac-map-flow-RBAC-Map-f1169-ost-Create-Listing-with-Map-chromium\trace.zip

    ????????????????????????????????????????????????????????????????????????????????????????????????????????????????????????????????????????????????????????????????????????????????????????????????????????????????????????????????????????????????????????????????????????????????????????????????


[1A[2K[2/3] [chromium] ??? tests\e2e\rbac-map-flow.spec.ts:115:9 ??? RBAC & Map Flow Tests ??? Guest: Read-Only Map & Permissions
[1A[2K[3/3] [chromium] ??? tests\e2e\rbac-map-flow.spec.ts:137:9 ??? RBAC & Map Flow Tests ??? Admin: Override Delete
[1A[2K  1 failed
    [chromium] ??? tests\e2e\rbac-map-flow.spec.ts:13:9 ??? RBAC & Map Flow Tests ??? Host: Create Listing with Map 
  2 did not run
