
Running 4 tests using 1 worker

[1A[2K[1/4] [chromium] ΓÇ║ tests\full-validation.spec.ts:28:9 ΓÇ║ NB-HOMESTAY FULL SYSTEM VALIDATION ΓÇ║ Step 1: Admin & Host Onboarding
[1A[2K[chromium] ΓÇ║ tests\full-validation.spec.ts:28:9 ΓÇ║ NB-HOMESTAY FULL SYSTEM VALIDATION ΓÇ║ Step 1: Admin & Host Onboarding
Starting Step 1: Admin & Host Onboarding

[1A[2KStep 1 Complete. homestayId: 115c2140-3022-45cf-b6e9-19fcaca1c8ff

[1A[2K[2/4] [chromium] ΓÇ║ tests\full-validation.spec.ts:77:9 ΓÇ║ NB-HOMESTAY FULL SYSTEM VALIDATION ΓÇ║ Step 2: Discovery & Inquiry Flow
[1A[2K[chromium] ΓÇ║ tests\full-validation.spec.ts:77:9 ΓÇ║ NB-HOMESTAY FULL SYSTEM VALIDATION ΓÇ║ Step 2: Discovery & Inquiry Flow
Starting Step 2: Discovery Flow

[1A[2KWaiting for Search URL...

[1A[2KCurrent URL: http://localhost:3000/search?query=Darjeeling

[1A[2KWaiting for homestay visibility: Full Validation Stay 1771709878332, ID: 115c2140-3022-45cf-b6e9-19fcaca1c8ff

[1A[2KNavigated to Details Page

[1A[2KStep 2 Complete

[1A[2K[3/4] [chromium] ΓÇ║ tests\full-validation.spec.ts:112:9 ΓÇ║ NB-HOMESTAY FULL SYSTEM VALIDATION ΓÇ║ Step 3: Community & Shoppable Experience
[1A[2K[chromium] ΓÇ║ tests\full-validation.spec.ts:112:9 ΓÇ║ NB-HOMESTAY FULL SYSTEM VALIDATION ΓÇ║ Step 3: Community & Shoppable Experience
Starting Step 3: Community Flow

[1A[2K  1) [chromium] ΓÇ║ tests\full-validation.spec.ts:112:9 ΓÇ║ NB-HOMESTAY FULL SYSTEM VALIDATION ΓÇ║ Step 3: Community & Shoppable Experience 

    Error: [2mexpect([22m[31mlocator[39m[2m).[22mtoBeVisible[2m([22m[2m)[22m failed

    Locator: locator('[data-post-id]').first().getByText('Full Validation Stay 1771709878332')
    Expected: visible
    Error: strict mode violation: locator('[data-post-id]').first().getByText('Full Validation Stay 1771709878332') resolved to 2 elements:
        1) <p class="text-gray-700 leading-relaxed">Check out this amazing vibe at Full Validation StΓÇª</p> aka getByText('Check out this amazing vibe at Full Validation Stay 1771709878332!')
        2) <span class="text-sm font-semibold text-gray-800">Full Validation Stay 1771709878332</span> aka getByText('Full Validation Stay 1771709878332', { exact: true })

    Call log:
    [2m  - Expect "toBeVisible" with timeout 5000ms[22m
    [2m  - waiting for locator('[data-post-id]').first().getByText('Full Validation Stay 1771709878332')[22m


      128 |         // 3.2 Verify Shoppable Gateway
      129 |         const post = page.locator(`[data-post-id]`).first();
    > 130 |         await expect(post.getByText(HOMESTAY_NAME)).toBeVisible();
          |                                                     ^
      131 |
      132 |         console.log('Post HTML:', await post.innerHTML());
      133 |         const vibeButton = post.getByRole('button', { name: 'Book This Vibe' });
        at C:\Users\biswa\OneDrive\Documents\github\NorthBengalHomestays\frontend\tests\full-validation.spec.ts:130:53

    attachment #1: screenshot (image/png) ΓöÇΓöÇΓöÇΓöÇΓöÇΓöÇΓöÇΓöÇΓöÇΓöÇΓöÇΓöÇΓöÇΓöÇΓöÇΓöÇΓöÇΓöÇΓöÇΓöÇΓöÇΓöÇΓöÇΓöÇΓöÇΓöÇΓöÇΓöÇΓöÇΓöÇΓöÇΓöÇΓöÇΓöÇΓöÇΓöÇΓöÇΓöÇΓöÇΓöÇΓöÇΓöÇΓöÇΓöÇΓöÇΓöÇΓöÇΓöÇΓöÇΓöÇΓöÇΓöÇΓöÇΓöÇΓöÇΓöÇΓöÇΓöÇ
    test-results\full-validation-NB-HOMESTA-f8727-munity-Shoppable-Experience-chromium\test-failed-1.png
    ΓöÇΓöÇΓöÇΓöÇΓöÇΓöÇΓöÇΓöÇΓöÇΓöÇΓöÇΓöÇΓöÇΓöÇΓöÇΓöÇΓöÇΓöÇΓöÇΓöÇΓöÇΓöÇΓöÇΓöÇΓöÇΓöÇΓöÇΓöÇΓöÇΓöÇΓöÇΓöÇΓöÇΓöÇΓöÇΓöÇΓöÇΓöÇΓöÇΓöÇΓöÇΓöÇΓöÇΓöÇΓöÇΓöÇΓöÇΓöÇΓöÇΓöÇΓöÇΓöÇΓöÇΓöÇΓöÇΓöÇΓöÇΓöÇΓöÇΓöÇΓöÇΓöÇΓöÇΓöÇΓöÇΓöÇΓöÇΓöÇΓöÇΓöÇΓöÇΓöÇΓöÇΓöÇΓöÇΓöÇΓöÇΓöÇΓöÇΓöÇΓöÇΓöÇΓöÇΓöÇΓöÇΓöÇΓöÇΓöÇΓöÇΓöÇΓöÇΓöÇΓöÇΓöÇΓöÇΓöÇ

    attachment #2: video (video/webm) ΓöÇΓöÇΓöÇΓöÇΓöÇΓöÇΓöÇΓöÇΓöÇΓöÇΓöÇΓöÇΓöÇΓöÇΓöÇΓöÇΓöÇΓöÇΓöÇΓöÇΓöÇΓöÇΓöÇΓöÇΓöÇΓöÇΓöÇΓöÇΓöÇΓöÇΓöÇΓöÇΓöÇΓöÇΓöÇΓöÇΓöÇΓöÇΓöÇΓöÇΓöÇΓöÇΓöÇΓöÇΓöÇΓöÇΓöÇΓöÇΓöÇΓöÇΓöÇΓöÇΓöÇΓöÇΓöÇΓöÇΓöÇΓöÇΓöÇΓöÇΓöÇΓöÇ
    test-results\full-validation-NB-HOMESTA-f8727-munity-Shoppable-Experience-chromium\video.webm
    ΓöÇΓöÇΓöÇΓöÇΓöÇΓöÇΓöÇΓöÇΓöÇΓöÇΓöÇΓöÇΓöÇΓöÇΓöÇΓöÇΓöÇΓöÇΓöÇΓöÇΓöÇΓöÇΓöÇΓöÇΓöÇΓöÇΓöÇΓöÇΓöÇΓöÇΓöÇΓöÇΓöÇΓöÇΓöÇΓöÇΓöÇΓöÇΓöÇΓöÇΓöÇΓöÇΓöÇΓöÇΓöÇΓöÇΓöÇΓöÇΓöÇΓöÇΓöÇΓöÇΓöÇΓöÇΓöÇΓöÇΓöÇΓöÇΓöÇΓöÇΓöÇΓöÇΓöÇΓöÇΓöÇΓöÇΓöÇΓöÇΓöÇΓöÇΓöÇΓöÇΓöÇΓöÇΓöÇΓöÇΓöÇΓöÇΓöÇΓöÇΓöÇΓöÇΓöÇΓöÇΓöÇΓöÇΓöÇΓöÇΓöÇΓöÇΓöÇΓöÇΓöÇΓöÇΓöÇΓöÇ

    Error Context: test-results\full-validation-NB-HOMESTA-f8727-munity-Shoppable-Experience-chromium\error-context.md

    attachment #4: trace (application/zip) ΓöÇΓöÇΓöÇΓöÇΓöÇΓöÇΓöÇΓöÇΓöÇΓöÇΓöÇΓöÇΓöÇΓöÇΓöÇΓöÇΓöÇΓöÇΓöÇΓöÇΓöÇΓöÇΓöÇΓöÇΓöÇΓöÇΓöÇΓöÇΓöÇΓöÇΓöÇΓöÇΓöÇΓöÇΓöÇΓöÇΓöÇΓöÇΓöÇΓöÇΓöÇΓöÇΓöÇΓöÇΓöÇΓöÇΓöÇΓöÇΓöÇΓöÇΓöÇΓöÇΓöÇΓöÇΓöÇΓöÇΓöÇ
    test-results\full-validation-NB-HOMESTA-f8727-munity-Shoppable-Experience-chromium\trace.zip
    Usage:

        npx playwright show-trace test-results\full-validation-NB-HOMESTA-f8727-munity-Shoppable-Experience-chromium\trace.zip

    ΓöÇΓöÇΓöÇΓöÇΓöÇΓöÇΓöÇΓöÇΓöÇΓöÇΓöÇΓöÇΓöÇΓöÇΓöÇΓöÇΓöÇΓöÇΓöÇΓöÇΓöÇΓöÇΓöÇΓöÇΓöÇΓöÇΓöÇΓöÇΓöÇΓöÇΓöÇΓöÇΓöÇΓöÇΓöÇΓöÇΓöÇΓöÇΓöÇΓöÇΓöÇΓöÇΓöÇΓöÇΓöÇΓöÇΓöÇΓöÇΓöÇΓöÇΓöÇΓöÇΓöÇΓöÇΓöÇΓöÇΓöÇΓöÇΓöÇΓöÇΓöÇΓöÇΓöÇΓöÇΓöÇΓöÇΓöÇΓöÇΓöÇΓöÇΓöÇΓöÇΓöÇΓöÇΓöÇΓöÇΓöÇΓöÇΓöÇΓöÇΓöÇΓöÇΓöÇΓöÇΓöÇΓöÇΓöÇΓöÇΓöÇΓöÇΓöÇΓöÇΓöÇΓöÇΓöÇΓöÇ


[1A[2K[4/4] [chromium] ΓÇ║ tests\full-validation.spec.ts:143:9 ΓÇ║ NB-HOMESTAY FULL SYSTEM VALIDATION ΓÇ║ Step 4: Host Dashboard & Profiles
[1A[2K  1 failed
    [chromium] ΓÇ║ tests\full-validation.spec.ts:112:9 ΓÇ║ NB-HOMESTAY FULL SYSTEM VALIDATION ΓÇ║ Step 3: Community & Shoppable Experience 
  1 did not run
  2 passed (19.1s)
